[36mINFO[0m[0000] ========================================     
[36mINFO[0m[0000]        HMAC File Server - v2.0               
[36mINFO[0m[0000]   Secure File Handling with HMAC Auth        
[36mINFO[0m[0000] ========================================     
[36mINFO[0m[0000] Features: Redis, Fallback Database (PostgreSQL/MySQL), Prometheus Metrics 
[36mINFO[0m[0000] Build Date: 2024-10-23                       
[36mINFO[0m[0000] Operating System: linux                      
[36mINFO[0m[0000] Architecture: amd64                          
[36mINFO[0m[0000] Number of CPUs: 8                            
[36mINFO[0m[0000] Go Version: go1.22.0                         
[36mINFO[0m[0000] Total Memory: 15684 MB                       
[36mINFO[0m[0000] Free Memory: 5593 MB                         
[36mINFO[0m[0000] Used Memory: 4771 MB                         
[36mINFO[0m[0000] CPU Model: Intel(R) Core(TM) i7-10510U CPU @ 1.80GHz, Cores: 1, Mhz: 4900.000000 
[36mINFO[0m[0000] CPU Model: Intel(R) Core(TM) i7-10510U CPU @ 1.80GHz, Cores: 1, Mhz: 4900.000000 
[36mINFO[0m[0000] CPU Model: Intel(R) Core(TM) i7-10510U CPU @ 1.80GHz, Cores: 1, Mhz: 4900.000000 
[36mINFO[0m[0000] CPU Model: Intel(R) Core(TM) i7-10510U CPU @ 1.80GHz, Cores: 1, Mhz: 4900.000000 
[36mINFO[0m[0000] CPU Model: Intel(R) Core(TM) i7-10510U CPU @ 1.80GHz, Cores: 1, Mhz: 4900.000000 
[36mINFO[0m[0000] CPU Model: Intel(R) Core(TM) i7-10510U CPU @ 1.80GHz, Cores: 1, Mhz: 4900.000000 
[36mINFO[0m[0000] CPU Model: Intel(R) Core(TM) i7-10510U CPU @ 1.80GHz, Cores: 1, Mhz: 4900.000000 
[36mINFO[0m[0000] CPU Model: Intel(R) Core(TM) i7-10510U CPU @ 1.80GHz, Cores: 1, Mhz: 4900.000000 
[36mINFO[0m[0000] Disk Mountpoint: /, Total: 465 GB, Free: 58 GB, Used: 383 GB 
[36mINFO[0m[0000] Disk Mountpoint: /snap/backupz/6, Total: 0 GB, Free: 0 GB, Used: 0 GB 
[36mINFO[0m[0000] Disk Mountpoint: /snap/bare/5, Total: 0 GB, Free: 0 GB, Used: 0 GB 
[36mINFO[0m[0000] Disk Mountpoint: /snap/brave/448, Total: 0 GB, Free: 0 GB, Used: 0 GB 
[36mINFO[0m[0000] Disk Mountpoint: /snap/brave/450, Total: 0 GB, Free: 0 GB, Used: 0 GB 
[36mINFO[0m[0000] Disk Mountpoint: /snap/cameractrls/34, Total: 0 GB, Free: 0 GB, Used: 0 GB 
[36mINFO[0m[0000] Disk Mountpoint: /snap/canonical-livepatch/282, Total: 0 GB, Free: 0 GB, Used: 0 GB 
[36mINFO[0m[0000] Disk Mountpoint: /snap/canonical-livepatch/286, Total: 0 GB, Free: 0 GB, Used: 0 GB 
[36mINFO[0m[0000] Disk Mountpoint: /snap/cmake/1415, Total: 0 GB, Free: 0 GB, Used: 0 GB 
[36mINFO[0m[0000] Disk Mountpoint: /snap/core/17200, Total: 0 GB, Free: 0 GB, Used: 0 GB 
[36mINFO[0m[0000] Disk Mountpoint: /snap/core18/2829, Total: 0 GB, Free: 0 GB, Used: 0 GB 
[36mINFO[0m[0000] Disk Mountpoint: /snap/cmake/1417, Total: 0 GB, Free: 0 GB, Used: 0 GB 
[36mINFO[0m[0000] Disk Mountpoint: /snap/core20/2379, Total: 0 GB, Free: 0 GB, Used: 0 GB 
[36mINFO[0m[0000] Disk Mountpoint: /snap/core20/2434, Total: 0 GB, Free: 0 GB, Used: 0 GB 
[36mINFO[0m[0000] Disk Mountpoint: /snap/core22/1621, Total: 0 GB, Free: 0 GB, Used: 0 GB 
[36mINFO[0m[0000] Disk Mountpoint: /snap/core18/2846, Total: 0 GB, Free: 0 GB, Used: 0 GB 
[36mINFO[0m[0000] Disk Mountpoint: /snap/core22/1663, Total: 0 GB, Free: 0 GB, Used: 0 GB 
[36mINFO[0m[0000] Disk Mountpoint: /snap/core24/490, Total: 0 GB, Free: 0 GB, Used: 0 GB 
[36mINFO[0m[0000] Disk Mountpoint: /snap/core24/609, Total: 0 GB, Free: 0 GB, Used: 0 GB 
[36mINFO[0m[0000] Disk Mountpoint: /snap/drawio/226, Total: 0 GB, Free: 0 GB, Used: 0 GB 
[36mINFO[0m[0000] Disk Mountpoint: /snap/drawio/228, Total: 0 GB, Free: 0 GB, Used: 0 GB 
[36mINFO[0m[0000] Disk Mountpoint: /snap/duplicity/505, Total: 0 GB, Free: 0 GB, Used: 0 GB 
[36mINFO[0m[0000] Disk Mountpoint: /snap/dynahack/32, Total: 0 GB, Free: 0 GB, Used: 0 GB 
[36mINFO[0m[0000] Disk Mountpoint: /snap/duplicity/499, Total: 0 GB, Free: 0 GB, Used: 0 GB 
[36mINFO[0m[0000] Disk Mountpoint: /snap/firefox/5134, Total: 0 GB, Free: 0 GB, Used: 0 GB 
[36mINFO[0m[0000] Disk Mountpoint: /snap/firefox/5091, Total: 0 GB, Free: 0 GB, Used: 0 GB 
[36mINFO[0m[0000] Disk Mountpoint: /snap/gaming-graphics-core22/166, Total: 0 GB, Free: 0 GB, Used: 0 GB 
[36mINFO[0m[0000] Disk Mountpoint: /snap/firmware-updater/127, Total: 0 GB, Free: 0 GB, Used: 0 GB 
[36mINFO[0m[0000] Disk Mountpoint: /snap/firmware-updater/147, Total: 0 GB, Free: 0 GB, Used: 0 GB 
[36mINFO[0m[0000] Disk Mountpoint: /snap/gaming-graphics-core22/184, Total: 0 GB, Free: 0 GB, Used: 0 GB 
[36mINFO[0m[0000] Disk Mountpoint: /snap/gnome-3-38-2004/143, Total: 0 GB, Free: 0 GB, Used: 0 GB 
[36mINFO[0m[0000] Disk Mountpoint: /snap/gnome-3-28-1804/198, Total: 0 GB, Free: 0 GB, Used: 0 GB 
[36mINFO[0m[0000] Disk Mountpoint: /snap/gnome-42-2204/176, Total: 0 GB, Free: 0 GB, Used: 0 GB 
[36mINFO[0m[0000] Disk Mountpoint: /snap/gtk-common-themes/1535, Total: 0 GB, Free: 0 GB, Used: 0 GB 
[36mINFO[0m[0000] Disk Mountpoint: /snap/gnome-46-2404/48, Total: 0 GB, Free: 0 GB, Used: 0 GB 
[36mINFO[0m[0000] Disk Mountpoint: /snap/godot/45, Total: 0 GB, Free: 0 GB, Used: 0 GB 
[36mINFO[0m[0000] Disk Mountpoint: /snap/kf5-5-110-qt-5-15-11-core22/3, Total: 0 GB, Free: 0 GB, Used: 0 GB 
[36mINFO[0m[0000] Disk Mountpoint: /snap/marble/32, Total: 0 GB, Free: 0 GB, Used: 0 GB 
[36mINFO[0m[0000] Disk Mountpoint: /snap/kf5-5-113-qt-5-15-11-core22/1, Total: 0 GB, Free: 0 GB, Used: 0 GB 
[36mINFO[0m[0000] Disk Mountpoint: /snap/master-pdf-editor-5/10, Total: 0 GB, Free: 0 GB, Used: 0 GB 
[36mINFO[0m[0000] Disk Mountpoint: /snap/master-pdf-editor-5/20, Total: 0 GB, Free: 0 GB, Used: 0 GB 
[36mINFO[0m[0000] Disk Mountpoint: /snap/micropolis/168, Total: 0 GB, Free: 0 GB, Used: 0 GB 
[36mINFO[0m[0000] Disk Mountpoint: /snap/mesa-core22/311, Total: 0 GB, Free: 0 GB, Used: 0 GB 
[36mINFO[0m[0000] Disk Mountpoint: /snap/mesa-2404/143, Total: 0 GB, Free: 0 GB, Used: 0 GB 
[36mINFO[0m[0000] Disk Mountpoint: /snap/mkcron/2, Total: 0 GB, Free: 0 GB, Used: 0 GB 
[36mINFO[0m[0000] Disk Mountpoint: /snap/obs-studio/1302, Total: 0 GB, Free: 0 GB, Used: 0 GB 
[36mINFO[0m[0000] Disk Mountpoint: /snap/qownnotes/11560, Total: 0 GB, Free: 0 GB, Used: 0 GB 
[36mINFO[0m[0000] Disk Mountpoint: /snap/qt513/24, Total: 0 GB, Free: 0 GB, Used: 0 GB 
[36mINFO[0m[0000] Disk Mountpoint: /snap/qownnotes/11552, Total: 0 GB, Free: 0 GB, Used: 0 GB 
[36mINFO[0m[0000] Disk Mountpoint: /snap/retroarch/2879, Total: 0 GB, Free: 0 GB, Used: 0 GB 
[36mINFO[0m[0000] Disk Mountpoint: /snap/remmina/6419, Total: 0 GB, Free: 0 GB, Used: 0 GB 
[36mINFO[0m[0000] Disk Mountpoint: /snap/snap-store/1236, Total: 0 GB, Free: 0 GB, Used: 0 GB 
[36mINFO[0m[0000] Disk Mountpoint: /snap/snap-store/1238, Total: 0 GB, Free: 0 GB, Used: 0 GB 
[36mINFO[0m[0000] Disk Mountpoint: /snap/snapd/21759, Total: 0 GB, Free: 0 GB, Used: 0 GB 
[36mINFO[0m[0000] Disk Mountpoint: /snap/snapd/21465, Total: 0 GB, Free: 0 GB, Used: 0 GB 
[36mINFO[0m[0000] Disk Mountpoint: /snap/snapd-desktop-integration/247, Total: 0 GB, Free: 0 GB, Used: 0 GB 
[36mINFO[0m[0000] Disk Mountpoint: /snap/snapd-desktop-integration/253, Total: 0 GB, Free: 0 GB, Used: 0 GB 
[36mINFO[0m[0000] Disk Mountpoint: /snap/steam/200, Total: 0 GB, Free: 0 GB, Used: 0 GB 
[36mINFO[0m[0000] Disk Mountpoint: /snap/teleguard-desktop/89, Total: 0 GB, Free: 0 GB, Used: 0 GB 
[36mINFO[0m[0000] Disk Mountpoint: /snap/steam/206, Total: 0 GB, Free: 0 GB, Used: 0 GB 
[36mINFO[0m[0000] Disk Mountpoint: /snap/sublime-text/177, Total: 0 GB, Free: 0 GB, Used: 0 GB 
[36mINFO[0m[0000] Disk Mountpoint: /snap/sublime-text/156, Total: 0 GB, Free: 0 GB, Used: 0 GB 
[36mINFO[0m[0000] Disk Mountpoint: /snap/suckit/49, Total: 0 GB, Free: 0 GB, Used: 0 GB 
[36mINFO[0m[0000] Disk Mountpoint: /snap/teleguard-desktop/91, Total: 0 GB, Free: 0 GB, Used: 0 GB 
[36mINFO[0m[0000] Disk Mountpoint: /snap/thunderbird/532, Total: 0 GB, Free: 0 GB, Used: 0 GB 
[36mINFO[0m[0000] Disk Mountpoint: /snap/thunderbird/526, Total: 0 GB, Free: 0 GB, Used: 0 GB 
[36mINFO[0m[0000] Disk Mountpoint: /snap/video-downloader/1197, Total: 0 GB, Free: 0 GB, Used: 0 GB 
[36mINFO[0m[0000] Disk Mountpoint: /snap/video-downloader/1201, Total: 0 GB, Free: 0 GB, Used: 0 GB 
[36mINFO[0m[0000] Disk Mountpoint: /snap/winbox/170, Total: 0 GB, Free: 0 GB, Used: 0 GB 
[36mINFO[0m[0000] Disk Mountpoint: /snap/winbox/171, Total: 0 GB, Free: 0 GB, Used: 0 GB 
[36mINFO[0m[0000] Disk Mountpoint: /snap/wine-platform-7-stable-core20/6, Total: 0 GB, Free: 0 GB, Used: 0 GB 
[36mINFO[0m[0000] Disk Mountpoint: /snap/wine-platform-runtime-core20/139, Total: 0 GB, Free: 0 GB, Used: 0 GB 
[36mINFO[0m[0000] Disk Mountpoint: /var/snap/firefox/common/host-hunspell, Total: 465 GB, Free: 58 GB, Used: 383 GB 
[36mINFO[0m[0000] Disk Mountpoint: /snap/wine-platform-runtime-core20/140, Total: 0 GB, Free: 0 GB, Used: 0 GB 
[36mINFO[0m[0000] Disk Mountpoint: /boot, Total: 1 GB, Free: 1 GB, Used: 0 GB 
[36mINFO[0m[0000] Disk Mountpoint: /boot/efi, Total: 1 GB, Free: 1 GB, Used: 0 GB 
[36mINFO[0m[0000] Disk Mountpoint: /media/renz/external, Total: 116 GB, Free: 81 GB, Used: 29 GB 
[36mINFO[0m[0000] Hostname: xps7390                            
[36mINFO[0m[0000] Uptime: 29105 seconds                        
[36mINFO[0m[0000] Boot Time: 2024-10-26 10:08:31 +0200 CEST    
[36mINFO[0m[0000] Platform: ubuntu                             
[36mINFO[0m[0000] Platform Family: debian                      
[36mINFO[0m[0000] Platform Version: 24.04                      
[36mINFO[0m[0000] Kernel Version: 6.8.0-47-generic             
[36mINFO[0m[0000] Starting HMAC file server v2.0 ...           
[36mINFO[0m[0000] Server started on port :8080. Waiting for requests. 
[36mINFO[0m[0000] Starting metrics server on :9090             
[36mINFO[0m[0012] Shutting down server...                      
[36mINFO[0m[0000] ========================================     
[36mINFO[0m[0000]        HMAC File Server - v2.0               
[36mINFO[0m[0000]   Secure File Handling with HMAC Auth        
[36mINFO[0m[0000] ========================================     
[36mINFO[0m[0000] Features: Redis, Fallback Database (PostgreSQL/MySQL), Prometheus Metrics 
[36mINFO[0m[0000] Build Date: 2024-10-23                       
[36mINFO[0m[0000] Operating System: linux                      
[36mINFO[0m[0000] Architecture: amd64                          
[36mINFO[0m[0000] Number of CPUs: 8                            
[36mINFO[0m[0000] Go Version: go1.22.0                         
[36mINFO[0m[0000] Total Memory: 15684 MB                       
[36mINFO[0m[0000] Free Memory: 5560 MB                         
[36mINFO[0m[0000] Used Memory: 4787 MB                         
[36mINFO[0m[0000] CPU Model: Intel(R) Core(TM) i7-10510U CPU @ 1.80GHz, Cores: 1, Mhz: 4900.000000 
[36mINFO[0m[0000] CPU Model: Intel(R) Core(TM) i7-10510U CPU @ 1.80GHz, Cores: 1, Mhz: 4900.000000 
[36mINFO[0m[0000] CPU Model: Intel(R) Core(TM) i7-10510U CPU @ 1.80GHz, Cores: 1, Mhz: 4900.000000 
[36mINFO[0m[0000] CPU Model: Intel(R) Core(TM) i7-10510U CPU @ 1.80GHz, Cores: 1, Mhz: 4900.000000 
[36mINFO[0m[0000] CPU Model: Intel(R) Core(TM) i7-10510U CPU @ 1.80GHz, Cores: 1, Mhz: 4900.000000 
[36mINFO[0m[0000] CPU Model: Intel(R) Core(TM) i7-10510U CPU @ 1.80GHz, Cores: 1, Mhz: 4900.000000 
[36mINFO[0m[0000] CPU Model: Intel(R) Core(TM) i7-10510U CPU @ 1.80GHz, Cores: 1, Mhz: 4900.000000 
[36mINFO[0m[0000] CPU Model: Intel(R) Core(TM) i7-10510U CPU @ 1.80GHz, Cores: 1, Mhz: 4900.000000 
[36mINFO[0m[0000] Disk Mountpoint: /, Total: 465 GB, Free: 58 GB, Used: 383 GB 
[36mINFO[0m[0000] Disk Mountpoint: /snap/backupz/6, Total: 0 GB, Free: 0 GB, Used: 0 GB 
[36mINFO[0m[0000] Disk Mountpoint: /snap/bare/5, Total: 0 GB, Free: 0 GB, Used: 0 GB 
[36mINFO[0m[0000] Disk Mountpoint: /snap/brave/448, Total: 0 GB, Free: 0 GB, Used: 0 GB 
[36mINFO[0m[0000] Disk Mountpoint: /snap/brave/450, Total: 0 GB, Free: 0 GB, Used: 0 GB 
[36mINFO[0m[0000] Disk Mountpoint: /snap/cameractrls/34, Total: 0 GB, Free: 0 GB, Used: 0 GB 
[36mINFO[0m[0000] Disk Mountpoint: /snap/canonical-livepatch/282, Total: 0 GB, Free: 0 GB, Used: 0 GB 
[36mINFO[0m[0000] Disk Mountpoint: /snap/canonical-livepatch/286, Total: 0 GB, Free: 0 GB, Used: 0 GB 
[36mINFO[0m[0000] Disk Mountpoint: /snap/cmake/1415, Total: 0 GB, Free: 0 GB, Used: 0 GB 
[36mINFO[0m[0000] Disk Mountpoint: /snap/core/17200, Total: 0 GB, Free: 0 GB, Used: 0 GB 
[36mINFO[0m[0000] Disk Mountpoint: /snap/core18/2829, Total: 0 GB, Free: 0 GB, Used: 0 GB 
[36mINFO[0m[0000] Disk Mountpoint: /snap/cmake/1417, Total: 0 GB, Free: 0 GB, Used: 0 GB 
[36mINFO[0m[0000] Disk Mountpoint: /snap/core20/2379, Total: 0 GB, Free: 0 GB, Used: 0 GB 
[36mINFO[0m[0000] Disk Mountpoint: /snap/core20/2434, Total: 0 GB, Free: 0 GB, Used: 0 GB 
[36mINFO[0m[0000] Disk Mountpoint: /snap/core22/1621, Total: 0 GB, Free: 0 GB, Used: 0 GB 
[36mINFO[0m[0000] Disk Mountpoint: /snap/core18/2846, Total: 0 GB, Free: 0 GB, Used: 0 GB 
[36mINFO[0m[0000] Disk Mountpoint: /snap/core22/1663, Total: 0 GB, Free: 0 GB, Used: 0 GB 
[36mINFO[0m[0000] Disk Mountpoint: /snap/core24/490, Total: 0 GB, Free: 0 GB, Used: 0 GB 
[36mINFO[0m[0000] Disk Mountpoint: /snap/core24/609, Total: 0 GB, Free: 0 GB, Used: 0 GB 
[36mINFO[0m[0000] Disk Mountpoint: /snap/drawio/226, Total: 0 GB, Free: 0 GB, Used: 0 GB 
[36mINFO[0m[0000] Disk Mountpoint: /snap/drawio/228, Total: 0 GB, Free: 0 GB, Used: 0 GB 
[36mINFO[0m[0000] Disk Mountpoint: /snap/duplicity/505, Total: 0 GB, Free: 0 GB, Used: 0 GB 
[36mINFO[0m[0000] Disk Mountpoint: /snap/dynahack/32, Total: 0 GB, Free: 0 GB, Used: 0 GB 
[36mINFO[0m[0000] Disk Mountpoint: /snap/duplicity/499, Total: 0 GB, Free: 0 GB, Used: 0 GB 
[36mINFO[0m[0000] Disk Mountpoint: /snap/firefox/5134, Total: 0 GB, Free: 0 GB, Used: 0 GB 
[36mINFO[0m[0000] Disk Mountpoint: /snap/firefox/5091, Total: 0 GB, Free: 0 GB, Used: 0 GB 
[36mINFO[0m[0000] Disk Mountpoint: /snap/gaming-graphics-core22/166, Total: 0 GB, Free: 0 GB, Used: 0 GB 
[36mINFO[0m[0000] Disk Mountpoint: /snap/firmware-updater/127, Total: 0 GB, Free: 0 GB, Used: 0 GB 
[36mINFO[0m[0000] Disk Mountpoint: /snap/firmware-updater/147, Total: 0 GB, Free: 0 GB, Used: 0 GB 
[36mINFO[0m[0000] Disk Mountpoint: /snap/gaming-graphics-core22/184, Total: 0 GB, Free: 0 GB, Used: 0 GB 
[36mINFO[0m[0000] Disk Mountpoint: /snap/gnome-3-38-2004/143, Total: 0 GB, Free: 0 GB, Used: 0 GB 
[36mINFO[0m[0000] Disk Mountpoint: /snap/gnome-3-28-1804/198, Total: 0 GB, Free: 0 GB, Used: 0 GB 
[36mINFO[0m[0000] Disk Mountpoint: /snap/gnome-42-2204/176, Total: 0 GB, Free: 0 GB, Used: 0 GB 
[36mINFO[0m[0000] Disk Mountpoint: /snap/gtk-common-themes/1535, Total: 0 GB, Free: 0 GB, Used: 0 GB 
[36mINFO[0m[0000] Disk Mountpoint: /snap/gnome-46-2404/48, Total: 0 GB, Free: 0 GB, Used: 0 GB 
[36mINFO[0m[0000] Disk Mountpoint: /snap/godot/45, Total: 0 GB, Free: 0 GB, Used: 0 GB 
[36mINFO[0m[0000] Disk Mountpoint: /snap/kf5-5-110-qt-5-15-11-core22/3, Total: 0 GB, Free: 0 GB, Used: 0 GB 
[36mINFO[0m[0000] Disk Mountpoint: /snap/marble/32, Total: 0 GB, Free: 0 GB, Used: 0 GB 
[36mINFO[0m[0000] Disk Mountpoint: /snap/kf5-5-113-qt-5-15-11-core22/1, Total: 0 GB, Free: 0 GB, Used: 0 GB 
[36mINFO[0m[0000] Disk Mountpoint: /snap/master-pdf-editor-5/10, Total: 0 GB, Free: 0 GB, Used: 0 GB 
[36mINFO[0m[0000] Disk Mountpoint: /snap/master-pdf-editor-5/20, Total: 0 GB, Free: 0 GB, Used: 0 GB 
[36mINFO[0m[0000] Disk Mountpoint: /snap/micropolis/168, Total: 0 GB, Free: 0 GB, Used: 0 GB 
[36mINFO[0m[0000] Disk Mountpoint: /snap/mesa-core22/311, Total: 0 GB, Free: 0 GB, Used: 0 GB 
[36mINFO[0m[0000] Disk Mountpoint: /snap/mesa-2404/143, Total: 0 GB, Free: 0 GB, Used: 0 GB 
[36mINFO[0m[0000] Disk Mountpoint: /snap/mkcron/2, Total: 0 GB, Free: 0 GB, Used: 0 GB 
[36mINFO[0m[0000] Disk Mountpoint: /snap/obs-studio/1302, Total: 0 GB, Free: 0 GB, Used: 0 GB 
[36mINFO[0m[0000] Disk Mountpoint: /snap/qownnotes/11560, Total: 0 GB, Free: 0 GB, Used: 0 GB 
[36mINFO[0m[0000] Disk Mountpoint: /snap/qt513/24, Total: 0 GB, Free: 0 GB, Used: 0 GB 
[36mINFO[0m[0000] Disk Mountpoint: /snap/qownnotes/11552, Total: 0 GB, Free: 0 GB, Used: 0 GB 
[36mINFO[0m[0000] Disk Mountpoint: /snap/retroarch/2879, Total: 0 GB, Free: 0 GB, Used: 0 GB 
[36mINFO[0m[0000] Disk Mountpoint: /snap/remmina/6419, Total: 0 GB, Free: 0 GB, Used: 0 GB 
[36mINFO[0m[0000] Disk Mountpoint: /snap/snap-store/1236, Total: 0 GB, Free: 0 GB, Used: 0 GB 
[36mINFO[0m[0000] Disk Mountpoint: /snap/snap-store/1238, Total: 0 GB, Free: 0 GB, Used: 0 GB 
[36mINFO[0m[0000] Disk Mountpoint: /snap/snapd/21759, Total: 0 GB, Free: 0 GB, Used: 0 GB 
[36mINFO[0m[0000] Disk Mountpoint: /snap/snapd/21465, Total: 0 GB, Free: 0 GB, Used: 0 GB 
[36mINFO[0m[0000] Disk Mountpoint: /snap/snapd-desktop-integration/247, Total: 0 GB, Free: 0 GB, Used: 0 GB 
[36mINFO[0m[0000] Disk Mountpoint: /snap/snapd-desktop-integration/253, Total: 0 GB, Free: 0 GB, Used: 0 GB 
[36mINFO[0m[0000] Disk Mountpoint: /snap/steam/200, Total: 0 GB, Free: 0 GB, Used: 0 GB 
[36mINFO[0m[0000] Disk Mountpoint: /snap/teleguard-desktop/89, Total: 0 GB, Free: 0 GB, Used: 0 GB 
[36mINFO[0m[0000] Disk Mountpoint: /snap/steam/206, Total: 0 GB, Free: 0 GB, Used: 0 GB 
[36mINFO[0m[0000] Disk Mountpoint: /snap/sublime-text/177, Total: 0 GB, Free: 0 GB, Used: 0 GB 
[36mINFO[0m[0000] Disk Mountpoint: /snap/sublime-text/156, Total: 0 GB, Free: 0 GB, Used: 0 GB 
[36mINFO[0m[0000] Disk Mountpoint: /snap/suckit/49, Total: 0 GB, Free: 0 GB, Used: 0 GB 
[36mINFO[0m[0000] Disk Mountpoint: /snap/teleguard-desktop/91, Total: 0 GB, Free: 0 GB, Used: 0 GB 
[36mINFO[0m[0000] Disk Mountpoint: /snap/thunderbird/532, Total: 0 GB, Free: 0 GB, Used: 0 GB 
[36mINFO[0m[0000] Disk Mountpoint: /snap/thunderbird/526, Total: 0 GB, Free: 0 GB, Used: 0 GB 
[36mINFO[0m[0000] Disk Mountpoint: /snap/video-downloader/1197, Total: 0 GB, Free: 0 GB, Used: 0 GB 
[36mINFO[0m[0000] Disk Mountpoint: /snap/video-downloader/1201, Total: 0 GB, Free: 0 GB, Used: 0 GB 
[36mINFO[0m[0000] Disk Mountpoint: /snap/winbox/170, Total: 0 GB, Free: 0 GB, Used: 0 GB 
[36mINFO[0m[0000] Disk Mountpoint: /snap/winbox/171, Total: 0 GB, Free: 0 GB, Used: 0 GB 
[36mINFO[0m[0000] Disk Mountpoint: /snap/wine-platform-7-stable-core20/6, Total: 0 GB, Free: 0 GB, Used: 0 GB 
[36mINFO[0m[0000] Disk Mountpoint: /snap/wine-platform-runtime-core20/139, Total: 0 GB, Free: 0 GB, Used: 0 GB 
[36mINFO[0m[0000] Disk Mountpoint: /var/snap/firefox/common/host-hunspell, Total: 465 GB, Free: 58 GB, Used: 383 GB 
[36mINFO[0m[0000] Disk Mountpoint: /snap/wine-platform-runtime-core20/140, Total: 0 GB, Free: 0 GB, Used: 0 GB 
[36mINFO[0m[0000] Disk Mountpoint: /boot, Total: 1 GB, Free: 1 GB, Used: 0 GB 
[36mINFO[0m[0000] Disk Mountpoint: /boot/efi, Total: 1 GB, Free: 1 GB, Used: 0 GB 
[36mINFO[0m[0000] Disk Mountpoint: /media/renz/external, Total: 116 GB, Free: 81 GB, Used: 29 GB 
[36mINFO[0m[0000] Hostname: xps7390                            
[36mINFO[0m[0000] Uptime: 29261 seconds                        
[36mINFO[0m[0000] Boot Time: 2024-10-26 10:08:31 +0200 CEST    
[36mINFO[0m[0000] Platform: ubuntu                             
[36mINFO[0m[0000] Platform Family: debian                      
[36mINFO[0m[0000] Platform Version: 24.04                      
[36mINFO[0m[0000] Kernel Version: 6.8.0-47-generic             
[36mINFO[0m[0000] Starting HMAC file server v2.0 ...           
[36mINFO[0m[0000] Starting metrics server on :9090             
[36mINFO[0m[0000] Server started on port :8080. Waiting for requests. 
[36mINFO[0m[0189] Incoming request: GET/upload/testuser@uuxo.net/catmetal.jpg 
[31mERRO[0m[0189] Getting file information failed:stat hmacdata/testuser@uuxo.net/catmetal.jpg: no such file or directory 
[36mINFO[0m[0245] Incoming request: PUT/upload/testuser@uuxo.net/catmetal.jpg?v=1ed3ad9085d2b2ff4d3e8949ec7894c0168c963c554f05c9b8d7e2dff8043077 
[33mWARN[0m[0245] Invalid MAC.                                 
[36mINFO[0m[0245] Incoming request: GET/upload/testuser@uuxo.net/catmetal.jpg 
[31mERRO[0m[0245] Getting file information failed:stat hmacdata/testuser@uuxo.net/catmetal.jpg: no such file or directory 
[36mINFO[0m[0329] Incoming request: PUT/upload/testuser@uuxo.net/catmetal.jpg?v=1ed3ad9085d2b2ff4d3e8949ec7894c0168c963c554f05c9b8d7e2dff8043077 
[33mWARN[0m[0329] Invalid MAC.                                 
[36mINFO[0m[0522] Incoming request: PUT/upload/upload?v=1ed3ad9085d2b2ff4d3e8949ec7894c0168c963c554f05c9b8d7e2dff8043077 
[33mWARN[0m[0522] Invalid MAC.                                 
[36mINFO[0m[0709] Shutting down server...                      
[36mINFO[0m[0000] ========================================     
[36mINFO[0m[0000]        HMAC File Server - v2.0               
[36mINFO[0m[0000]   Secure File Handling with HMAC Auth        
[36mINFO[0m[0000] ========================================     
[36mINFO[0m[0000] Features: Redis, Fallback Database (PostgreSQL/MySQL), Prometheus Metrics 
[36mINFO[0m[0000] Build Date: 2024-10-23                       
[36mINFO[0m[0000] Operating System: linux                      
[36mINFO[0m[0000] Architecture: amd64                          
[36mINFO[0m[0000] Number of CPUs: 8                            
[36mINFO[0m[0000] Go Version: go1.22.0                         
[36mINFO[0m[0000] Total Memory: 15684 MB                       
[36mINFO[0m[0000] Free Memory: 6105 MB                         
[36mINFO[0m[0000] Used Memory: 4295 MB                         
[36mINFO[0m[0000] CPU Model: Intel(R) Core(TM) i7-10510U CPU @ 1.80GHz, Cores: 1, Mhz: 4900.000000 
[36mINFO[0m[0000] CPU Model: Intel(R) Core(TM) i7-10510U CPU @ 1.80GHz, Cores: 1, Mhz: 4900.000000 
[36mINFO[0m[0000] CPU Model: Intel(R) Core(TM) i7-10510U CPU @ 1.80GHz, Cores: 1, Mhz: 4900.000000 
[36mINFO[0m[0000] CPU Model: Intel(R) Core(TM) i7-10510U CPU @ 1.80GHz, Cores: 1, Mhz: 4900.000000 
[36mINFO[0m[0000] CPU Model: Intel(R) Core(TM) i7-10510U CPU @ 1.80GHz, Cores: 1, Mhz: 4900.000000 
[36mINFO[0m[0000] CPU Model: Intel(R) Core(TM) i7-10510U CPU @ 1.80GHz, Cores: 1, Mhz: 4900.000000 
[36mINFO[0m[0000] CPU Model: Intel(R) Core(TM) i7-10510U CPU @ 1.80GHz, Cores: 1, Mhz: 4900.000000 
[36mINFO[0m[0000] CPU Model: Intel(R) Core(TM) i7-10510U CPU @ 1.80GHz, Cores: 1, Mhz: 4900.000000 
[36mINFO[0m[0000] Disk Mountpoint: /, Total: 465 GB, Free: 58 GB, Used: 383 GB 
[36mINFO[0m[0000] Disk Mountpoint: /snap/backupz/6, Total: 0 GB, Free: 0 GB, Used: 0 GB 
[36mINFO[0m[0000] Disk Mountpoint: /snap/bare/5, Total: 0 GB, Free: 0 GB, Used: 0 GB 
[36mINFO[0m[0000] Disk Mountpoint: /snap/brave/448, Total: 0 GB, Free: 0 GB, Used: 0 GB 
[36mINFO[0m[0000] Disk Mountpoint: /snap/brave/450, Total: 0 GB, Free: 0 GB, Used: 0 GB 
[36mINFO[0m[0000] Disk Mountpoint: /snap/cameractrls/34, Total: 0 GB, Free: 0 GB, Used: 0 GB 
[36mINFO[0m[0000] Disk Mountpoint: /snap/canonical-livepatch/282, Total: 0 GB, Free: 0 GB, Used: 0 GB 
[36mINFO[0m[0000] Disk Mountpoint: /snap/canonical-livepatch/286, Total: 0 GB, Free: 0 GB, Used: 0 GB 
[36mINFO[0m[0000] Disk Mountpoint: /snap/cmake/1415, Total: 0 GB, Free: 0 GB, Used: 0 GB 
[36mINFO[0m[0000] Disk Mountpoint: /snap/core/17200, Total: 0 GB, Free: 0 GB, Used: 0 GB 
[36mINFO[0m[0000] Disk Mountpoint: /snap/core18/2829, Total: 0 GB, Free: 0 GB, Used: 0 GB 
[36mINFO[0m[0000] Disk Mountpoint: /snap/cmake/1417, Total: 0 GB, Free: 0 GB, Used: 0 GB 
[36mINFO[0m[0000] Disk Mountpoint: /snap/core20/2379, Total: 0 GB, Free: 0 GB, Used: 0 GB 
[36mINFO[0m[0000] Disk Mountpoint: /snap/core20/2434, Total: 0 GB, Free: 0 GB, Used: 0 GB 
[36mINFO[0m[0000] Disk Mountpoint: /snap/core22/1621, Total: 0 GB, Free: 0 GB, Used: 0 GB 
[36mINFO[0m[0000] Disk Mountpoint: /snap/core18/2846, Total: 0 GB, Free: 0 GB, Used: 0 GB 
[36mINFO[0m[0000] Disk Mountpoint: /snap/core22/1663, Total: 0 GB, Free: 0 GB, Used: 0 GB 
[36mINFO[0m[0000] Disk Mountpoint: /snap/core24/490, Total: 0 GB, Free: 0 GB, Used: 0 GB 
[36mINFO[0m[0000] Disk Mountpoint: /snap/core24/609, Total: 0 GB, Free: 0 GB, Used: 0 GB 
[36mINFO[0m[0000] Disk Mountpoint: /snap/drawio/226, Total: 0 GB, Free: 0 GB, Used: 0 GB 
[36mINFO[0m[0000] Disk Mountpoint: /snap/drawio/228, Total: 0 GB, Free: 0 GB, Used: 0 GB 
[36mINFO[0m[0000] Disk Mountpoint: /snap/duplicity/505, Total: 0 GB, Free: 0 GB, Used: 0 GB 
[36mINFO[0m[0000] Disk Mountpoint: /snap/dynahack/32, Total: 0 GB, Free: 0 GB, Used: 0 GB 
[36mINFO[0m[0000] Disk Mountpoint: /snap/duplicity/499, Total: 0 GB, Free: 0 GB, Used: 0 GB 
[36mINFO[0m[0000] Disk Mountpoint: /snap/firefox/5134, Total: 0 GB, Free: 0 GB, Used: 0 GB 
[36mINFO[0m[0000] Disk Mountpoint: /snap/firefox/5091, Total: 0 GB, Free: 0 GB, Used: 0 GB 
[36mINFO[0m[0000] Disk Mountpoint: /snap/gaming-graphics-core22/166, Total: 0 GB, Free: 0 GB, Used: 0 GB 
[36mINFO[0m[0000] Disk Mountpoint: /snap/firmware-updater/127, Total: 0 GB, Free: 0 GB, Used: 0 GB 
[36mINFO[0m[0000] Disk Mountpoint: /snap/firmware-updater/147, Total: 0 GB, Free: 0 GB, Used: 0 GB 
[36mINFO[0m[0000] Disk Mountpoint: /snap/gaming-graphics-core22/184, Total: 0 GB, Free: 0 GB, Used: 0 GB 
[36mINFO[0m[0000] Disk Mountpoint: /snap/gnome-3-38-2004/143, Total: 0 GB, Free: 0 GB, Used: 0 GB 
[36mINFO[0m[0000] Disk Mountpoint: /snap/gnome-3-28-1804/198, Total: 0 GB, Free: 0 GB, Used: 0 GB 
[36mINFO[0m[0000] Disk Mountpoint: /snap/gnome-42-2204/176, Total: 0 GB, Free: 0 GB, Used: 0 GB 
[36mINFO[0m[0000] Disk Mountpoint: /snap/gtk-common-themes/1535, Total: 0 GB, Free: 0 GB, Used: 0 GB 
[36mINFO[0m[0000] Disk Mountpoint: /snap/gnome-46-2404/48, Total: 0 GB, Free: 0 GB, Used: 0 GB 
[36mINFO[0m[0000] Disk Mountpoint: /snap/godot/45, Total: 0 GB, Free: 0 GB, Used: 0 GB 
[36mINFO[0m[0000] Disk Mountpoint: /snap/kf5-5-110-qt-5-15-11-core22/3, Total: 0 GB, Free: 0 GB, Used: 0 GB 
[36mINFO[0m[0000] Disk Mountpoint: /snap/marble/32, Total: 0 GB, Free: 0 GB, Used: 0 GB 
[36mINFO[0m[0000] Disk Mountpoint: /snap/kf5-5-113-qt-5-15-11-core22/1, Total: 0 GB, Free: 0 GB, Used: 0 GB 
[36mINFO[0m[0000] Disk Mountpoint: /snap/master-pdf-editor-5/10, Total: 0 GB, Free: 0 GB, Used: 0 GB 
[36mINFO[0m[0000] Disk Mountpoint: /snap/master-pdf-editor-5/20, Total: 0 GB, Free: 0 GB, Used: 0 GB 
[36mINFO[0m[0000] Disk Mountpoint: /snap/micropolis/168, Total: 0 GB, Free: 0 GB, Used: 0 GB 
[36mINFO[0m[0000] Disk Mountpoint: /snap/mesa-core22/311, Total: 0 GB, Free: 0 GB, Used: 0 GB 
[36mINFO[0m[0000] Disk Mountpoint: /snap/mesa-2404/143, Total: 0 GB, Free: 0 GB, Used: 0 GB 
[36mINFO[0m[0000] Disk Mountpoint: /snap/mkcron/2, Total: 0 GB, Free: 0 GB, Used: 0 GB 
[36mINFO[0m[0000] Disk Mountpoint: /snap/obs-studio/1302, Total: 0 GB, Free: 0 GB, Used: 0 GB 
[36mINFO[0m[0000] Disk Mountpoint: /snap/qownnotes/11560, Total: 0 GB, Free: 0 GB, Used: 0 GB 
[36mINFO[0m[0000] Disk Mountpoint: /snap/qt513/24, Total: 0 GB, Free: 0 GB, Used: 0 GB 
[36mINFO[0m[0000] Disk Mountpoint: /snap/qownnotes/11552, Total: 0 GB, Free: 0 GB, Used: 0 GB 
[36mINFO[0m[0000] Disk Mountpoint: /snap/retroarch/2879, Total: 0 GB, Free: 0 GB, Used: 0 GB 
[36mINFO[0m[0000] Disk Mountpoint: /snap/remmina/6419, Total: 0 GB, Free: 0 GB, Used: 0 GB 
[36mINFO[0m[0000] Disk Mountpoint: /snap/snap-store/1236, Total: 0 GB, Free: 0 GB, Used: 0 GB 
[36mINFO[0m[0000] Disk Mountpoint: /snap/snap-store/1238, Total: 0 GB, Free: 0 GB, Used: 0 GB 
[36mINFO[0m[0000] Disk Mountpoint: /snap/snapd/21759, Total: 0 GB, Free: 0 GB, Used: 0 GB 
[36mINFO[0m[0000] Disk Mountpoint: /snap/snapd/21465, Total: 0 GB, Free: 0 GB, Used: 0 GB 
[36mINFO[0m[0000] Disk Mountpoint: /snap/snapd-desktop-integration/247, Total: 0 GB, Free: 0 GB, Used: 0 GB 
[36mINFO[0m[0000] Disk Mountpoint: /snap/snapd-desktop-integration/253, Total: 0 GB, Free: 0 GB, Used: 0 GB 
[36mINFO[0m[0000] Disk Mountpoint: /snap/steam/200, Total: 0 GB, Free: 0 GB, Used: 0 GB 
[36mINFO[0m[0000] Disk Mountpoint: /snap/teleguard-desktop/89, Total: 0 GB, Free: 0 GB, Used: 0 GB 
[36mINFO[0m[0000] Disk Mountpoint: /snap/steam/206, Total: 0 GB, Free: 0 GB, Used: 0 GB 
[36mINFO[0m[0000] Disk Mountpoint: /snap/sublime-text/177, Total: 0 GB, Free: 0 GB, Used: 0 GB 
[36mINFO[0m[0000] Disk Mountpoint: /snap/sublime-text/156, Total: 0 GB, Free: 0 GB, Used: 0 GB 
[36mINFO[0m[0000] Disk Mountpoint: /snap/suckit/49, Total: 0 GB, Free: 0 GB, Used: 0 GB 
[36mINFO[0m[0000] Disk Mountpoint: /snap/teleguard-desktop/91, Total: 0 GB, Free: 0 GB, Used: 0 GB 
[36mINFO[0m[0000] Disk Mountpoint: /snap/thunderbird/532, Total: 0 GB, Free: 0 GB, Used: 0 GB 
[36mINFO[0m[0000] Disk Mountpoint: /snap/thunderbird/526, Total: 0 GB, Free: 0 GB, Used: 0 GB 
[36mINFO[0m[0000] Disk Mountpoint: /snap/video-downloader/1197, Total: 0 GB, Free: 0 GB, Used: 0 GB 
[36mINFO[0m[0000] Disk Mountpoint: /snap/video-downloader/1201, Total: 0 GB, Free: 0 GB, Used: 0 GB 
[36mINFO[0m[0000] Disk Mountpoint: /snap/winbox/170, Total: 0 GB, Free: 0 GB, Used: 0 GB 
[36mINFO[0m[0000] Disk Mountpoint: /snap/winbox/171, Total: 0 GB, Free: 0 GB, Used: 0 GB 
[36mINFO[0m[0000] Disk Mountpoint: /snap/wine-platform-7-stable-core20/6, Total: 0 GB, Free: 0 GB, Used: 0 GB 
[36mINFO[0m[0000] Disk Mountpoint: /snap/wine-platform-runtime-core20/139, Total: 0 GB, Free: 0 GB, Used: 0 GB 
[36mINFO[0m[0000] Disk Mountpoint: /var/snap/firefox/common/host-hunspell, Total: 465 GB, Free: 58 GB, Used: 383 GB 
[36mINFO[0m[0000] Disk Mountpoint: /snap/wine-platform-runtime-core20/140, Total: 0 GB, Free: 0 GB, Used: 0 GB 
[36mINFO[0m[0000] Disk Mountpoint: /boot, Total: 1 GB, Free: 1 GB, Used: 0 GB 
[36mINFO[0m[0000] Disk Mountpoint: /boot/efi, Total: 1 GB, Free: 1 GB, Used: 0 GB 
[36mINFO[0m[0000] Disk Mountpoint: /media/renz/external, Total: 116 GB, Free: 81 GB, Used: 29 GB 
[36mINFO[0m[0000] Hostname: xps7390                            
[36mINFO[0m[0000] Uptime: 30082 seconds                        
[36mINFO[0m[0000] Boot Time: 2024-10-26 10:08:31 +0200 CEST    
[36mINFO[0m[0000] Platform: ubuntu                             
[36mINFO[0m[0000] Platform Family: debian                      
[36mINFO[0m[0000] Platform Version: 24.04                      
[36mINFO[0m[0000] Kernel Version: 6.8.0-47-generic             
[36mINFO[0m[0000] Starting HMAC file server v2.0 ...           
[36mINFO[0m[0000] Starting metrics server on :9090             
[36mINFO[0m[0000] Server started on port :8080. Waiting for requests. 
